<?xml version="1.0" encoding="UTF-8"?>
<!-- Generated by org.testng.reporters.JUnitReportReporter -->
<testsuite hostname="Sky" failures="0" tests="1" name="demo_Test.Demo_Test" time="7.294" errors="0" timestamp="2023-10-28T13:50:32 IST" skipped="0">
  <testcase classname="demo_Test.Demo_Test" name="F_05_04_Check_the_Elements_visibility_and_Functionalities_for_Edit_Field_Setting" time="7.294"/>
</testsuite> <!-- demo_Test.Demo_Test -->
