<?xml version="1.0" encoding="UTF-8"?>
<!-- Generated by org.testng.reporters.JUnitReportReporter -->
<testsuite hostname="Sky" failures="0" tests="1" name="ui_type_present_test.UI_Type_Present_Check_Test" time="333.330" errors="0" timestamp="2023-10-30T10:50:39 IST" skipped="0">
  <testcase classname="ui_type_present_test.UI_Type_Present_Check_Test" name="run" time="333.330"/>
</testsuite> <!-- ui_type_present_test.UI_Type_Present_Check_Test -->
