<?xml version="1.0" encoding="UTF-8"?>
<!-- Generated by org.testng.reporters.JUnitReportReporter -->
<testsuite hostname="Sky" failures="0" tests="1" name="form_UIType.All_UI_Types_In_Form_Test" time="11.084" errors="0" timestamp="2023-11-04T17:26:52 IST" skipped="0">
  <testcase classname="form_UIType.All_UI_Types_In_Form_Test" name="run" time="11.084"/>
</testsuite> <!-- form_UIType.All_UI_Types_In_Form_Test -->
