<?xml version="1.0" encoding="UTF-8"?>
<!-- Generated by org.testng.reporters.JUnitReportReporter -->
<testsuite hostname="Sky" failures="0" tests="1" name="logic_Jump_Test.Logic_Jump_Test" time="69.304" errors="0" timestamp="2023-11-02T13:24:59 IST" skipped="0">
  <testcase classname="logic_Jump_Test.Logic_Jump_Test" name="run" time="69.304"/>
</testsuite> <!-- logic_Jump_Test.Logic_Jump_Test -->
