<?xml version="1.0" encoding="UTF-8"?>
<!-- Generated by org.testng.reporters.JUnitReportReporter -->
<testsuite hostname="Sky" failures="0" tests="1" name="multi_login_test.Multi_Login_Test" time="772.007" errors="0" timestamp="2023-09-26T12:48:38 IST" skipped="0">
  <testcase classname="multi_login_test.Multi_Login_Test" name="F_05_04_Check_the_Elements_visibility_and_Functionalities_for_Edit_Field_Setting" time="772.007"/>
</testsuite> <!-- multi_login_test.Multi_Login_Test -->
