<?xml version="1.0" encoding="UTF-8"?>
<!-- Generated by org.testng.reporters.JUnitReportReporter -->
<testsuite hostname="Sky" failures="0" tests="1" name="com.Excel.Excell_Test" time="7.986" errors="0" timestamp="2023-09-26T13:12:49 IST" skipped="0">
  <testcase classname="com.Excel.Excell_Test" name="outputStream" time="7.986"/>
</testsuite> <!-- com.Excel.Excell_Test -->
